# Logfile created on 2014-08-06 11:19:51 -0400 by logger.rb/41954
I, [2014-08-06T11:19:51.959749 #34014]  INFO -- : 0:  RedCloth (4.2.9) from /Users/Charles_Personal/.rvm/gems/ruby-2.1.0@playbook/specifications/RedCloth-4.2.9.gemspec
I, [2014-08-06T11:19:51.960261 #34014]  INFO -- : 0:  i18n (0.6.9) from /Users/Charles_Personal/.rvm/gems/ruby-2.1.0@playbook/specifications/i18n-0.6.9.gemspec
I, [2014-08-06T11:19:51.960676 #34014]  INFO -- : 0:  json (1.8.1) from /Users/Charles_Personal/.rvm/gems/ruby-2.1.0@playbook/specifications/json-1.8.1.gemspec
I, [2014-08-06T11:19:51.961094 #34014]  INFO -- : 0:  minitest (5.3.3) from /Users/Charles_Personal/.rvm/gems/ruby-2.1.0@playbook/specifications/minitest-5.3.3.gemspec
I, [2014-08-06T11:19:51.961503 #34014]  INFO -- : 0:  thread_safe (0.3.3) from /Users/Charles_Personal/.rvm/gems/ruby-2.1.0@playbook/specifications/thread_safe-0.3.3.gemspec
I, [2014-08-06T11:19:51.962003 #34014]  INFO -- : 0:  tzinfo (1.1.0) from /Users/Charles_Personal/.rvm/gems/ruby-2.1.0@playbook/specifications/tzinfo-1.1.0.gemspec
I, [2014-08-06T11:19:51.962398 #34014]  INFO -- : 0:  activesupport (4.1.1) from /Users/Charles_Personal/.rvm/gems/ruby-2.1.0@playbook/specifications/activesupport-4.1.1.gemspec
I, [2014-08-06T11:19:51.962766 #34014]  INFO -- : 0:  blankslate (2.1.2.4) from /Users/Charles_Personal/.rvm/gems/ruby-2.1.0@playbook/specifications/blankslate-2.1.2.4.gemspec
I, [2014-08-06T11:19:51.963147 #34014]  INFO -- : 0:  sass (3.3.7) from /Users/Charles_Personal/.rvm/gems/ruby-2.1.0@playbook/specifications/sass-3.3.7.gemspec
I, [2014-08-06T11:19:51.963515 #34014]  INFO -- : 0:  thor (0.19.1) from /Users/Charles_Personal/.rvm/gems/ruby-2.1.0@playbook/specifications/thor-0.19.1.gemspec
I, [2014-08-06T11:19:51.963888 #34014]  INFO -- : 0:  bourbon (4.0.1) from /Users/Charles_Personal/.rvm/gems/ruby-2.1.0@playbook/specifications/bourbon-4.0.1.gemspec
I, [2014-08-06T11:19:51.964254 #34014]  INFO -- : 0:  fast-stemmer (1.0.2) from /Users/Charles_Personal/.rvm/gems/ruby-2.1.0@playbook/specifications/fast-stemmer-1.0.2.gemspec
I, [2014-08-06T11:19:51.964605 #34014]  INFO -- : 0:  classifier (1.3.4) from /Users/Charles_Personal/.rvm/gems/ruby-2.1.0@playbook/specifications/classifier-1.3.4.gemspec
I, [2014-08-06T11:19:51.964966 #34014]  INFO -- : 0:  colorator (0.1) from /Users/Charles_Personal/.rvm/gems/ruby-2.1.0@playbook/specifications/colorator-0.1.gemspec
I, [2014-08-06T11:19:51.965333 #34014]  INFO -- : 0:  highline (1.6.21) from /Users/Charles_Personal/.rvm/gems/ruby-2.1.0@playbook/specifications/highline-1.6.21.gemspec
I, [2014-08-06T11:19:51.965694 #34014]  INFO -- : 0:  commander (4.1.6) from /Users/Charles_Personal/.rvm/gems/ruby-2.1.0@playbook/specifications/commander-4.1.6.gemspec
I, [2014-08-06T11:19:51.966052 #34014]  INFO -- : 0:  ffi (1.9.3) from /Users/Charles_Personal/.rvm/gems/ruby-2.1.0@playbook/specifications/ffi-1.9.3.gemspec
I, [2014-08-06T11:19:51.966424 #34014]  INFO -- : 0:  gemoji (1.5.0) from /Users/Charles_Personal/.rvm/gems/ruby-2.1.0@playbook/specifications/gemoji-1.5.0.gemspec
I, [2014-08-06T11:19:51.966785 #34014]  INFO -- : 0:  liquid (2.5.5) from /Users/Charles_Personal/.rvm/gems/ruby-2.1.0@playbook/specifications/liquid-2.5.5.gemspec
I, [2014-08-06T11:19:51.967149 #34014]  INFO -- : 0:  rb-fsevent (0.9.4) from /Users/Charles_Personal/.rvm/gems/ruby-2.1.0@playbook/specifications/rb-fsevent-0.9.4.gemspec
I, [2014-08-06T11:19:51.967511 #34014]  INFO -- : 0:  rb-inotify (0.9.4) from /Users/Charles_Personal/.rvm/gems/ruby-2.1.0@playbook/specifications/rb-inotify-0.9.4.gemspec
I, [2014-08-06T11:19:51.967843 #34014]  INFO -- : 0:  rb-kqueue (0.2.2) from /Users/Charles_Personal/.rvm/gems/ruby-2.1.0@playbook/specifications/rb-kqueue-0.2.2.gemspec
I, [2014-08-06T11:19:51.968192 #34014]  INFO -- : 0:  listen (1.3.1) from /Users/Charles_Personal/.rvm/gems/ruby-2.1.0@playbook/specifications/listen-1.3.1.gemspec
I, [2014-08-06T11:19:51.968551 #34014]  INFO -- : 0:  maruku (0.7.0) from /Users/Charles_Personal/.rvm/gems/ruby-2.1.0@playbook/specifications/maruku-0.7.0.gemspec
I, [2014-08-06T11:19:51.968909 #34014]  INFO -- : 0:  posix-spawn (0.3.8) from /Users/Charles_Personal/.rvm/gems/ruby-2.1.0@playbook/specifications/posix-spawn-0.3.8.gemspec
I, [2014-08-06T11:19:51.969279 #34014]  INFO -- : 0:  yajl-ruby (1.1.0) from /Users/Charles_Personal/.rvm/gems/ruby-2.1.0@playbook/specifications/yajl-ruby-1.1.0.gemspec
I, [2014-08-06T11:19:51.969610 #34014]  INFO -- : 0:  pygments.rb (0.5.4) from /Users/Charles_Personal/.rvm/gems/ruby-2.1.0@playbook/specifications/pygments.rb-0.5.4.gemspec
I, [2014-08-06T11:19:51.969986 #34014]  INFO -- : 0:  redcarpet (2.3.0) from /Users/Charles_Personal/.rvm/gems/ruby-2.1.0@playbook/specifications/redcarpet-2.3.0.gemspec
I, [2014-08-06T11:19:51.970341 #34014]  INFO -- : 0:  safe_yaml (1.0.3) from /Users/Charles_Personal/.rvm/gems/ruby-2.1.0@playbook/specifications/safe_yaml-1.0.3.gemspec
I, [2014-08-06T11:19:51.970777 #34014]  INFO -- : 0:  parslet (1.5.0) from /Users/Charles_Personal/.rvm/gems/ruby-2.1.0@playbook/specifications/parslet-1.5.0.gemspec
I, [2014-08-06T11:19:51.971179 #34014]  INFO -- : 0:  toml (0.1.1) from /Users/Charles_Personal/.rvm/gems/ruby-2.1.0@playbook/specifications/toml-0.1.1.gemspec
I, [2014-08-06T11:19:51.971523 #34014]  INFO -- : 0:  jekyll (1.5.1) from /Users/Charles_Personal/.rvm/gems/ruby-2.1.0@playbook/specifications/jekyll-1.5.1.gemspec
I, [2014-08-06T11:19:51.971880 #34014]  INFO -- : 0:  mini_portile (0.6.0) from /Users/Charles_Personal/.rvm/gems/ruby-2.1.0@playbook/specifications/mini_portile-0.6.0.gemspec
I, [2014-08-06T11:19:51.972243 #34014]  INFO -- : 0:  nokogiri (1.6.2.1) from /Users/Charles_Personal/.rvm/gems/ruby-2.1.0@playbook/specifications/nokogiri-1.6.2.1.gemspec
I, [2014-08-06T11:19:51.972599 #34014]  INFO -- : 0:  html-pipeline (1.5.0) from /Users/Charles_Personal/.rvm/gems/ruby-2.1.0@playbook/specifications/html-pipeline-1.5.0.gemspec
I, [2014-08-06T11:19:51.972958 #34014]  INFO -- : 0:  jekyll-mentions (0.0.6) from /Users/Charles_Personal/.rvm/gems/ruby-2.1.0@playbook/specifications/jekyll-mentions-0.0.6.gemspec
I, [2014-08-06T11:19:51.973298 #34014]  INFO -- : 0:  jekyll-redirect-from (0.3.1) from /Users/Charles_Personal/.rvm/gems/ruby-2.1.0@playbook/specifications/jekyll-redirect-from-0.3.1.gemspec
I, [2014-08-06T11:19:51.973676 #34014]  INFO -- : 0:  jekyll-sitemap (0.3.0) from /Users/Charles_Personal/.rvm/gems/ruby-2.1.0@playbook/specifications/jekyll-sitemap-0.3.0.gemspec
I, [2014-08-06T11:19:51.974039 #34014]  INFO -- : 0:  jemoji (0.1.0) from /Users/Charles_Personal/.rvm/gems/ruby-2.1.0@playbook/specifications/jemoji-0.1.0.gemspec
I, [2014-08-06T11:19:51.974398 #34014]  INFO -- : 0:  kramdown (1.3.1) from /Users/Charles_Personal/.rvm/gems/ruby-2.1.0@playbook/specifications/kramdown-1.3.1.gemspec
I, [2014-08-06T11:19:51.974758 #34014]  INFO -- : 0:  rdiscount (2.1.7) from /Users/Charles_Personal/.rvm/gems/ruby-2.1.0@playbook/specifications/rdiscount-2.1.7.gemspec
I, [2014-08-06T11:19:51.975095 #34014]  INFO -- : 0:  github-pages (19) from /Users/Charles_Personal/.rvm/gems/ruby-2.1.0@playbook/specifications/github-pages-19.gemspec
I, [2014-08-06T11:19:51.975453 #34014]  INFO -- : 0:  neat (1.6.0) from /Users/Charles_Personal/.rvm/gems/ruby-2.1.0@playbook/specifications/neat-1.6.0.gemspec
I, [2014-08-06T11:19:51.975803 #34014]  INFO -- : 0:  bundler (1.5.1) from /Users/Charles_Personal/.rvm/gems/ruby-2.1.0@global/specifications/bundler-1.5.1.gemspec
